<!DOCTYPE html PUBLIC "-//W3C//DTD XHTML 1.1//EN" "http://www.w3.org/TR/xhtml11/DTD/xhtml11.dtd">
<html xmlns="http://www.w3.org/1999/xhtml"><head><title>TestNG Report</title><style type="text/css">table {margin-bottom:10px;border-collapse:collapse;empty-cells:show}th,td {border:1px solid #009;padding:.25em .5em}th {vertical-align:bottom}td {vertical-align:top}table a {font-weight:bold}.stripe td {background-color: #E6EBF9}.num {text-align:right}.passedodd td {background-color: #3F3}.passedeven td {background-color: #0A0}.skippedodd td {background-color: #DDD}.skippedeven td {background-color: #CCC}.failedodd td,.attn {background-color: #F33}.failedeven td,.stripe .attn {background-color: #D00}.stacktrace {white-space:pre;font-family:monospace}.totop {font-size:85%;text-align:center;border-bottom:2px solid #000}</style></head><body><table><tr><th>Test</th><th># Passed</th><th># Skipped</th><th># Failed</th><th>Time (ms)</th><th>Included Groups</th><th>Excluded Groups</th></tr><tr><th colspan="7">OrangeHRM Suite</th></tr><tr><td><a href="#t0">On Chrome</a></td><td class="num">2</td><td class="num attn">1</td><td class="num attn">1</td><td class="num">104,428</td><td></td><td></td></tr><tr class="stripe"><td><a href="#t1">On Firefox</a></td><td class="num">3</td><td class="num attn">1</td><td class="num">0</td><td class="num">121,137</td><td></td><td></td></tr><tr><th>Total</th><th class="num">5</th><th class="num attn">2</th><th class="num attn">1</th><th class="num">225,565</th><th colspan="2"></th></tr></table><table><thead><tr><th>Class</th><th>Method</th><th>Start</th><th>Time (ms)</th></tr></thead><tbody><tr><th colspan="4">OrangeHRM Suite</th></tr></tbody><tbody id="t0"><tr><th colspan="4">On Chrome &#8212; failed</th></tr><tr class="failedeven"><td rowspan="1">com.orangehrm.testsuite.Logout</td><td><a href="#m0">logoutTest</a></td><td rowspan="1">1449150782673</td><td rowspan="1">8865</td></tr><tr><th colspan="4">On Chrome &#8212; skipped</th></tr><tr class="skippedeven"><td rowspan="1">com.orangehrm.testsuite.CapturingScreenshot</td><td><a href="#m1">screenshotTest</a></td><td rowspan="1">1449150782553</td><td rowspan="1">116</td></tr><tr><th colspan="4">On Chrome &#8212; passed</th></tr><tr class="passedeven"><td rowspan="1">com.orangehrm.testsuite.AddEmployee</td><td><a href="#m2">addEmployeeTest</a></td><td rowspan="1">1449150709574</td><td rowspan="1">72974</td></tr><tr class="passedodd"><td rowspan="1">com.orangehrm.testsuite.Login</td><td><a href="#m3">loginTest</a></td><td rowspan="1">1449150687291</td><td rowspan="1">22278</td></tr></tbody><tbody id="t1"><tr><th colspan="4">On Firefox &#8212; skipped</th></tr><tr class="skippedeven"><td rowspan="1">com.orangehrm.testsuite.CapturingScreenshot</td><td><a href="#m4">screenshotTest</a></td><td rowspan="1">1449150801620</td><td rowspan="1">107</td></tr><tr><th colspan="4">On Firefox &#8212; passed</th></tr><tr class="passedeven"><td rowspan="1">com.orangehrm.testsuite.AddEmployee</td><td><a href="#m5">addEmployeeTest</a></td><td rowspan="1">1449150728654</td><td rowspan="1">72962</td></tr><tr class="passedodd"><td rowspan="1">com.orangehrm.testsuite.Login</td><td><a href="#m6">loginTest</a></td><td rowspan="1">1449150687291</td><td rowspan="1">41361</td></tr><tr class="passedeven"><td rowspan="1">com.orangehrm.testsuite.Logout</td><td><a href="#m7">logoutTest</a></td><td rowspan="1">1449150801730</td><td rowspan="1">6627</td></tr></tbody></table><h2>On Chrome</h2><h3 id="m0">com.orangehrm.testsuite.Logout#logoutTest</h3><table class="result"><tr><th>Exception</th></tr><tr><td><div class="stacktrace">org.openqa.selenium.NoSuchElementException: Unable to locate element: {&quot;method&quot;:&quot;link text&quot;,&quot;selector&quot;:&quot;Logout&quot;}
For documentation on this error, please visit: http://seleniumhq.org/exceptions/no_such_element.html
Build info: version: &apos;2.45.0&apos;, revision: &apos;5017cb8&apos;, time: &apos;2015-02-26 23:59:50&apos;
System info: host: &apos;sys&apos;, ip: &apos;192.168.3.19&apos;, os.name: &apos;Windows 7&apos;, os.arch: &apos;amd64&apos;, os.version: &apos;6.1&apos;, java.version: &apos;1.7.0_55&apos;
Driver info: driver.version: unknown
Command duration or timeout: 1.03 seconds
For documentation on this error, please visit: http://seleniumhq.org/exceptions/no_such_element.html
Build info: version: &apos;2.47.1&apos;, revision: &apos;411b314&apos;, time: &apos;2015-07-30 03:03:16&apos;
System info: host: &apos;sys&apos;, ip: &apos;192.168.3.19&apos;, os.name: &apos;Windows 7&apos;, os.arch: &apos;amd64&apos;, os.version: &apos;6.1&apos;, java.version: &apos;1.7.0_55&apos;
*** Element info: {Using=link text, value=Logout}
Session ID: c09e4117-2b87-471b-b29d-61c46214f6f5
Driver info: org.openqa.selenium.remote.RemoteWebDriver
Capabilities [{platform=WINDOWS, javascriptEnabled=true, acceptSslCerts=true, browserName=firefox, rotatable=false, locationContextEnabled=true, webdriver.remote.sessionid=c09e4117-2b87-471b-b29d-61c46214f6f5, version=41.0.2, databaseEnabled=true, cssSelectorsEnabled=true, handlesAlerts=true, webStorageEnabled=true, nativeEvents=false, applicationCacheEnabled=true, takesScreenshot=true}]
	at org.openqa.selenium.remote.ErrorHandler.createThrowable(ErrorHandler.java:206)
	at org.openqa.selenium.remote.ErrorHandler.throwIfResponseFailed(ErrorHandler.java:158)
	at org.openqa.selenium.remote.RemoteWebDriver.execute(RemoteWebDriver.java:595)
	at org.openqa.selenium.remote.RemoteWebDriver.findElement(RemoteWebDriver.java:348)
	at org.openqa.selenium.remote.RemoteWebDriver.findElementByLinkText(RemoteWebDriver.java:397)
	at org.openqa.selenium.By$ByLinkText.findElement(By.java:243)
	at org.openqa.selenium.remote.RemoteWebDriver.findElement(RemoteWebDriver.java:340)
	at org.openqa.selenium.support.pagefactory.DefaultElementLocator.findElement(DefaultElementLocator.java:69)
	at org.openqa.selenium.support.pagefactory.internal.LocatingElementHandler.invoke(LocatingElementHandler.java:38)
	at com.sun.proxy.$Proxy7.click(Unknown Source)
	at com.orangehrm.testsuite.Menu.welcomeAdmin(Menu.java:68)
	at com.orangehrm.testsuite.Logout.logoutTest(Logout.java:21)
	at java.util.concurrent.FutureTask.run(Unknown Source)
	at java.util.concurrent.ThreadPoolExecutor.runWorker(Unknown Source)
	at java.util.concurrent.ThreadPoolExecutor$Worker.run(Unknown Source)
	at java.lang.Thread.run(Unknown Source)
Caused by: org.openqa.selenium.remote.ScreenshotException: Screen shot has been taken
Build info: version: &apos;2.47.1&apos;, revision: &apos;411b314&apos;, time: &apos;2015-07-30 03:03:16&apos;
System info: host: &apos;sys&apos;, ip: &apos;192.168.3.19&apos;, os.name: &apos;Windows 7&apos;, os.arch: &apos;amd64&apos;, os.version: &apos;6.1&apos;, java.version: &apos;1.7.0_55&apos;
Driver info: driver.version: RemoteWebDriver
	at org.openqa.selenium.remote.ErrorHandler.throwIfResponseFailed(ErrorHandler.java:138)
	... 30 more
Caused by: org.openqa.selenium.NoSuchElementException: Unable to locate element: {&quot;method&quot;:&quot;link text&quot;,&quot;selector&quot;:&quot;Logout&quot;}
For documentation on this error, please visit: http://seleniumhq.org/exceptions/no_such_element.html
Build info: version: &apos;2.45.0&apos;, revision: &apos;5017cb8&apos;, time: &apos;2015-02-26 23:59:50&apos;
System info: host: &apos;sys&apos;, ip: &apos;192.168.3.19&apos;, os.name: &apos;Windows 7&apos;, os.arch: &apos;amd64&apos;, os.version: &apos;6.1&apos;, java.version: &apos;1.7.0_55&apos;
Driver info: driver.version: unknown
For documentation on this error, please visit: http://seleniumhq.org/exceptions/no_such_element.html
Build info: version: &apos;2.47.1&apos;, revision: &apos;411b314&apos;, time: &apos;2015-07-30 03:03:16&apos;
System info: host: &apos;sys&apos;, ip: &apos;192.168.3.19&apos;, os.name: &apos;Windows 7&apos;, os.arch: &apos;amd64&apos;, os.version: &apos;6.1&apos;, java.version: &apos;1.7.0_55&apos;
Driver info: driver.version: unknown
	at &lt;anonymous class&gt;.FirefoxDriver.prototype.findElementInternal_(file:///C:/Users/sai/AppData/Local/Temp/anonymous838935607522331075webdriver-profile/extensions/fxdriver@googlecode.com/components/driver-component.js:10271)
	at &lt;anonymous class&gt;.FirefoxDriver.prototype.findElement(file:///C:/Users/sai/AppData/Local/Temp/anonymous838935607522331075webdriver-profile/extensions/fxdriver@googlecode.com/components/driver-component.js:10280)
	at &lt;anonymous class&gt;.DelayedCommand.prototype.executeInternal_/h(file:///C:/Users/sai/AppData/Local/Temp/anonymous838935607522331075webdriver-profile/extensions/fxdriver@googlecode.com/components/command-processor.js:12274)
	at &lt;anonymous class&gt;.DelayedCommand.prototype.executeInternal_(file:///C:/Users/sai/AppData/Local/Temp/anonymous838935607522331075webdriver-profile/extensions/fxdriver@googlecode.com/components/command-processor.js:12279)
	at &lt;anonymous class&gt;.DelayedCommand.prototype.execute/&lt;(file:///C:/Users/sai/AppData/Local/Temp/anonymous838935607522331075webdriver-profile/extensions/fxdriver@googlecode.com/components/command-processor.js:12221)
... Removed 20 stack frames</div></td></tr></table><p class="totop"><a href="#summary">back to summary</a></p><h3 id="m1">com.orangehrm.testsuite.CapturingScreenshot#screenshotTest</h3><table class="result"><tr><th>Exception</th></tr><tr><td><div class="stacktrace">org.testng.SkipException: Screenshot test skipped
	at com.orangehrm.testsuite.CapturingScreenshot.screenshotTest(CapturingScreenshot.java:15)
	at java.util.concurrent.FutureTask.run(Unknown Source)
	at java.util.concurrent.ThreadPoolExecutor.runWorker(Unknown Source)
	at java.util.concurrent.ThreadPoolExecutor$Worker.run(Unknown Source)
	at java.lang.Thread.run(Unknown Source)
... Removed 16 stack frames</div></td></tr></table><p class="totop"><a href="#summary">back to summary</a></p><h3 id="m2">com.orangehrm.testsuite.AddEmployee#addEmployeeTest</h3><table class="result"></table><p class="totop"><a href="#summary">back to summary</a></p><h3 id="m3">com.orangehrm.testsuite.Login#loginTest</h3><table class="result"><tr class="param"><th>Parameter #1</th></tr><tr class="param stripe"><td>chrome</td></tr></table><p class="totop"><a href="#summary">back to summary</a></p><h2>On Firefox</h2><h3 id="m4">com.orangehrm.testsuite.CapturingScreenshot#screenshotTest</h3><table class="result"><tr><th>Exception</th></tr><tr><td><div class="stacktrace">org.testng.SkipException: Screenshot test skipped
	at com.orangehrm.testsuite.CapturingScreenshot.screenshotTest(CapturingScreenshot.java:15)
	at java.util.concurrent.FutureTask.run(Unknown Source)
	at java.util.concurrent.ThreadPoolExecutor.runWorker(Unknown Source)
	at java.util.concurrent.ThreadPoolExecutor$Worker.run(Unknown Source)
	at java.lang.Thread.run(Unknown Source)
... Removed 16 stack frames</div></td></tr></table><p class="totop"><a href="#summary">back to summary</a></p><h3 id="m5">com.orangehrm.testsuite.AddEmployee#addEmployeeTest</h3><table class="result"></table><p class="totop"><a href="#summary">back to summary</a></p><h3 id="m6">com.orangehrm.testsuite.Login#loginTest</h3><table class="result"><tr class="param"><th>Parameter #1</th></tr><tr class="param stripe"><td>firefox</td></tr></table><p class="totop"><a href="#summary">back to summary</a></p><h3 id="m7">com.orangehrm.testsuite.Logout#logoutTest</h3><table class="result"></table><p class="totop"><a href="#summary">back to summary</a></p></body></html>